<?xml version="1.0" encoding="UTF-8"?>
<!-- Generated by org.testng.reporters.JUnitReportReporter -->
<testsuite hostname="DESKTOP-OORRKIK" failures="0" tests="2" name="qaclickacademy.SeleniumTest" time="0.002" errors="0" timestamp="22 Jun 2019 09:59:49 GMT" skipped="0">
  <testcase classname="qaclickacademy.SeleniumTest" name="BrowserAutomation" time="0.001"/>
  <testcase classname="qaclickacademy.SeleniumTest" name="elementsUI" time="0.001"/>
</testsuite> <!-- qaclickacademy.SeleniumTest -->
