<?xml version="1.0" encoding="UTF-8"?>
<!-- Generated by org.testng.reporters.JUnitReportReporter -->
<testsuite hostname="DESKTOP-OORRKIK" failures="0" tests="2" name="qaclickacademy.ApiumTest" time="0.007" errors="0" timestamp="22 Jun 2019 09:59:49 GMT" skipped="0">
  <testcase classname="qaclickacademy.ApiumTest" name="iOSApps" time="0.003"/>
  <testcase classname="qaclickacademy.ApiumTest" name="NativeAppAndroid" time="0.004"/>
</testsuite> <!-- qaclickacademy.ApiumTest -->
